<?xml version="1.0" encoding="UTF-8" ?>
<testsuite tests="10" failures="1" name="it.fe.cassano.astvisassignsample.ccparser.ExpressionParserTest" time="0.53" errors="0" skipped="0">
  <properties>
[...]
</properties>
  <testcase classname="it.fe.cassano.astvisassignsample.ccparser.ExpressionParserTest" name="testParseFactor" time="0.001"/>
  <testcase classname="it.fe.cassano.astvisassignsample.ccparser.ExpressionParserTest" name="testParseFactorIdent" time="0.001">
    <failure message="expected:&lt;(a33)&gt; but was:&lt;a33&gt;" type="junit.framework.ComparisonFailure">junit.framework.ComparisonFailure: expected:&lt;(a33)&gt; but was:&lt;a33&gt;
	at junit.framework.Assert.assertEquals(Assert.java:81)
	at junit.framework.Assert.assertEquals(Assert.java:87)
	at it.fe.cassano.astvisassignsample.ccparser.ExpressionParserTest.testParseFactorIdent(ExpressionParserTest.java:39)
</failure>
    <system-out>Call:   factor
Skipping character :   (32)
Skipping character :   (32)
Current character : a (97) at line 1 column 3
   No string literal matches possible.
   Starting NFA to match one of : { &lt;IDENT&gt;, &lt;INTNUM&gt; }
Current character : a (97) at line 1 column 3
   Currently matched the first 1 characters as a &lt;IDENT&gt; token.
   Possible kinds of longer matches : { &lt;IDENT&gt; }
Current character : 3 (51) at line 1 column 4
   Currently matched the first 2 characters as a &lt;IDENT&gt; token.
   Possible kinds of longer matches : { &lt;IDENT&gt; }
Current character : 3 (51) at line 1 column 5
   Currently matched the first 3 characters as a &lt;IDENT&gt; token.
   Possible kinds of longer matches : { &lt;IDENT&gt; }
Current character :   (32) at line 1 column 6
   Currently matched the first 3 characters as a &lt;IDENT&gt; token.
   Putting back 1 characters into the input stream.
****** FOUND A &lt;IDENT&gt; MATCH (a33) ******

  Visited token: &lt;&lt;IDENT&gt;: &quot;a33&quot; at line 1 column 3&gt;; Expected token: &lt;&lt;INTNUM&gt;&gt;
  Visited token: &lt;&lt;IDENT&gt;: &quot;a33&quot; at line 1 column 3&gt;; Expected token: &lt;&lt;IDENT&gt;&gt;
  Consumed token: &lt;&lt;IDENT&gt;: &quot;a33&quot; at line 1 column 3&gt;
Return: factor
</system-out>
  </testcase>
  <testcase classname="it.fe.cassano.astvisassignsample.ccparser.ExpressionParserTest" name="testParseFactor2" time="0.056"/>
  <testcase classname="it.fe.cassano.astvisassignsample.ccparser.ExpressionParserTest" name="testParseFactor3" time="0.081"/>
  <testcase classname="it.fe.cassano.astvisassignsample.ccparser.ExpressionParserTest" name="testParseFactor4" time="0.074"/>
  <testcase classname="it.fe.cassano.astvisassignsample.ccparser.ExpressionParserTest" name="testParseFactorTernary" time="0.066"/>
  <testcase classname="it.fe.cassano.astvisassignsample.ccparser.ExpressionParserTest" name="testParseAssigment" time="0.029"/>
  <testcase classname="it.fe.cassano.astvisassignsample.ccparser.ExpressionParserTest" name="testParseTerm" time="0.067"/>
  <testcase classname="it.fe.cassano.astvisassignsample.ccparser.ExpressionParserTest" name="testParseTermTernary" time="0.055"/>
  <testcase classname="it.fe.cassano.astvisassignsample.ccparser.ExpressionParserTest" name="testParseTermTernary2" time="0.1"/>
</testsuite>