<?xml version="1.0" encoding="UTF-8" ?>
<testsuite tests="21" failures="0" name="it.fe.cassano.astvisassignsample.ccparser.ParserValidityTest" time="4.313" errors="0" skipped="0">
  <properties>
[...]
</properties>
  <testcase classname="it.fe.cassano.astvisassignsample.ccparser.ParserValidityTest" name="testSimpleToken" time="0.044"/>
  <testcase classname="it.fe.cassano.astvisassignsample.ccparser.ParserValidityTest" name="testParsePlusOp" time="0.046"/>
  <testcase classname="it.fe.cassano.astvisassignsample.ccparser.ParserValidityTest" name="testParsePlusOpTernary" time="0.113"/>
  <testcase classname="it.fe.cassano.astvisassignsample.ccparser.ParserValidityTest" name="testParseMinusOp" time="0.155"/>
  <testcase classname="it.fe.cassano.astvisassignsample.ccparser.ParserValidityTest" name="testParseMinusOpTernary" time="0.079"/>
  <testcase classname="it.fe.cassano.astvisassignsample.ccparser.ParserValidityTest" name="testParseMulOp" time="0.035"/>
  <testcase classname="it.fe.cassano.astvisassignsample.ccparser.ParserValidityTest" name="testParseMulOpTernary" time="0.047"/>
  <testcase classname="it.fe.cassano.astvisassignsample.ccparser.ParserValidityTest" name="testParseDivOp" time="0.036"/>
  <testcase classname="it.fe.cassano.astvisassignsample.ccparser.ParserValidityTest" name="testParseAssign" time="0.071"/>
  <testcase classname="it.fe.cassano.astvisassignsample.ccparser.ParserValidityTest" name="testParseIdentWordAssign" time="0.058"/>
  <testcase classname="it.fe.cassano.astvisassignsample.ccparser.ParserValidityTest" name="testComplexExpression" time="0.058"/>
  <testcase classname="it.fe.cassano.astvisassignsample.ccparser.ParserValidityTest" name="testBracketsExpression" time="0.304"/>
  <testcase classname="it.fe.cassano.astvisassignsample.ccparser.ParserValidityTest" name="testInvalidUnbalancedBrackets" time="0.295"/>
  <testcase classname="it.fe.cassano.astvisassignsample.ccparser.ParserValidityTest" name="testLoongAssignmentChain" time="0.081"/>
  <testcase classname="it.fe.cassano.astvisassignsample.ccparser.ParserValidityTest" name="testAssignIdentChainTernary" time="0.189"/>
  <testcase classname="it.fe.cassano.astvisassignsample.ccparser.ParserValidityTest" name="testAssignIdentSimpleChain" time="0.064"/>
  <testcase classname="it.fe.cassano.astvisassignsample.ccparser.ParserValidityTest" name="testAssignIdentChain" time="0.115"/>
  <testcase classname="it.fe.cassano.astvisassignsample.ccparser.ParserValidityTest" name="testLooongAssignmentChain" time="0.392"/>
  <testcase classname="it.fe.cassano.astvisassignsample.ccparser.ParserValidityTest" name="testLooongAssignmentChainStrange" time="0.892"/>
  <testcase classname="it.fe.cassano.astvisassignsample.ccparser.ParserValidityTest" name="testSequence" time="0.161"/>
  <testcase classname="it.fe.cassano.astvisassignsample.ccparser.ParserValidityTest" name="testLongSequence" time="1.078"/>
</testsuite>